<?xml version="1.0" encoding="UTF-8"?>
<testng-results ignored="0" total="1" passed="1" failed="0" skipped="0">
  <reporter-output>
  </reporter-output>
  <suite started-at="2023-04-08T12:39:02 IST" name="Default suite" finished-at="2023-04-08T12:39:30 IST" duration-ms="28243">
    <groups>
    </groups>
    <test started-at="2023-04-08T12:39:02 IST" name="Default test" finished-at="2023-04-08T12:39:30 IST" duration-ms="28243">
      <class name="Swami_Project.Swami_Screenshotsandalerts">
        <test-method is-config="true" signature="beforeTest()[pri:0, instance:Swami_Project.Swami_Screenshotsandalerts@481a996b]" started-at="2023-04-08T12:39:02 IST" name="beforeTest" finished-at="2023-04-08T12:39:15 IST" duration-ms="13089" status="PASS">
          <reporter-output>
          </reporter-output>
        </test-method> <!-- beforeTest -->
        <test-method signature="f()[pri:0, instance:Swami_Project.Swami_Screenshotsandalerts@481a996b]" started-at="2023-04-08T12:39:15 IST" name="f" finished-at="2023-04-08T12:39:30 IST" duration-ms="15104" status="PASS">
          <reporter-output>
          </reporter-output>
        </test-method> <!-- f -->
        <test-method is-config="true" signature="afterTest()[pri:0, instance:Swami_Project.Swami_Screenshotsandalerts@481a996b]" started-at="2023-04-08T12:39:30 IST" name="afterTest" finished-at="2023-04-08T12:39:30 IST" duration-ms="1" status="PASS">
          <reporter-output>
          </reporter-output>
        </test-method> <!-- afterTest -->
      </class> <!-- Swami_Project.Swami_Screenshotsandalerts -->
    </test> <!-- Default test -->
  </suite> <!-- Default suite -->
</testng-results>
